2021-03-21 17:05:57,548 [Worker-4: Loading available Gradle versions] INFO  o.e.b.c.i.u.g.PublishedGradleVersions - Gradle version information cache is up-to-date. Trying to read.
2021-03-21 17:06:19,254 [Worker-0: Importing Maven projects] INFO  o.e.m.c.i.l.LifecycleMappingFactory - Using NULL lifecycle mapping for MavenProject: edu.stevens.cs548:ClinicRoot:1.0.0 @ D:\2021spring\cs548\e5\10402740 - Revised\Assignment5-Code\ClinicRoot\pom.xml.
2021-03-21 17:06:19,373 [Worker-0: Importing Maven projects] INFO  o.e.m.c.i.l.LifecycleMappingFactory - Using org.maven.ide.eclipse.wtp.EarLifecycleMapping lifecycle mapping for MavenProject: edu.stevens.cs548:ClinicApp:1.0.0 @ D:\2021spring\cs548\e5\10402740 - Revised\Assignment5-Code\ClinicApp\pom.xml.
2021-03-21 17:06:19,390 [Worker-0: Importing Maven projects] INFO  o.e.m.c.i.p.WorkspaceClassifierResolverManager - Resolving P/ClinicDomain: edu.stevens.cs548:ClinicDomain:1.0.0 with classifier  to /ClinicDomain/target/classes
2021-03-21 17:06:19,390 [Worker-0: Importing Maven projects] INFO  o.e.m.c.i.p.WorkspaceClassifierResolverManager - Resolving P/ClinicInit0: edu.stevens.cs548:ClinicInit0:1.0.0 with classifier  to /ClinicInit0/target/classes
2021-03-21 17:06:19,823 [Worker-0: Importing Maven projects] INFO  o.e.m.c.i.l.LifecycleMappingFactory - Using org.maven.ide.eclipse.wtp.EjbLifecycleMapping lifecycle mapping for MavenProject: edu.stevens.cs548:ClinicInit0:1.0.0 @ D:\2021spring\cs548\e5\10402740 - Revised\Assignment5-Code\ClinicInit0\pom.xml.
2021-03-21 17:06:19,849 [Worker-0: Importing Maven projects] INFO  o.e.m.c.i.p.WorkspaceClassifierResolverManager - Resolving P/ClinicDomain: edu.stevens.cs548:ClinicDomain:1.0.0 with classifier  to /ClinicDomain/target/classes
2021-03-21 17:06:19,946 [Worker-0: Importing Maven projects] INFO  o.e.m.c.i.l.LifecycleMappingFactory - Using org.eclipse.m2e.jdt.JarLifecycleMapping lifecycle mapping for MavenProject: edu.stevens.cs548:ClinicDomain:1.0.0 @ D:\2021spring\cs548\e5\10402740 - Revised\Assignment5-Code\ClinicDomain\pom.xml.
2021-03-21 17:06:20,035 [Worker-0: Importing Maven projects] INFO  o.e.m.c.i.l.LifecycleMappingFactory - Using org.maven.ide.eclipse.wtp.EarLifecycleMapping lifecycle mapping for MavenProject: edu.stevens.cs548:ClinicApp:1.0.0 @ D:\2021spring\cs548\e5\10402740 - Revised\Assignment5-Code\ClinicApp\pom.xml.
2021-03-21 17:06:20,037 [Worker-0: Importing Maven projects] INFO  o.e.m.c.i.p.WorkspaceClassifierResolverManager - Resolving P/ClinicDomain: edu.stevens.cs548:ClinicDomain:1.0.0 with classifier  to /ClinicDomain/target/classes
2021-03-21 17:06:20,037 [Worker-0: Importing Maven projects] INFO  o.e.m.c.i.p.WorkspaceClassifierResolverManager - Resolving P/ClinicInit0: edu.stevens.cs548:ClinicInit0:1.0.0 with classifier  to /ClinicInit0/target/classes
2021-03-21 17:06:20,132 [Worker-0: Importing Maven projects] INFO  o.e.m.c.i.l.LifecycleMappingFactory - Using org.maven.ide.eclipse.wtp.EjbLifecycleMapping lifecycle mapping for MavenProject: edu.stevens.cs548:ClinicInit0:1.0.0 @ D:\2021spring\cs548\e5\10402740 - Revised\Assignment5-Code\ClinicInit0\pom.xml.
2021-03-21 17:06:20,135 [Worker-0: Importing Maven projects] INFO  o.e.m.c.i.p.WorkspaceClassifierResolverManager - Resolving P/ClinicDomain: edu.stevens.cs548:ClinicDomain:1.0.0 with classifier  to /ClinicDomain/target/classes
2021-03-21 17:06:20,208 [Worker-0: Importing Maven projects] INFO  o.e.m.c.i.l.LifecycleMappingFactory - Using org.maven.ide.eclipse.wtp.EarLifecycleMapping lifecycle mapping for MavenProject: edu.stevens.cs548:ClinicApp:1.0.0 @ D:\2021spring\cs548\e5\10402740 - Revised\Assignment5-Code\ClinicApp\pom.xml.
2021-03-21 17:06:20,209 [Worker-0: Importing Maven projects] INFO  o.e.m.c.i.p.WorkspaceClassifierResolverManager - Resolving P/ClinicDomain: edu.stevens.cs548:ClinicDomain:1.0.0 with classifier  to /ClinicDomain/target/classes
2021-03-21 17:06:20,210 [Worker-0: Importing Maven projects] INFO  o.e.m.c.i.p.WorkspaceClassifierResolverManager - Resolving P/ClinicInit0: edu.stevens.cs548:ClinicInit0:1.0.0 with classifier  to /ClinicInit0/target/classes
2021-03-21 17:06:20,842 [Worker-0: Importing Maven projects] INFO  o.e.m.c.i.p.WorkspaceClassifierResolverManager - Resolving P/ClinicDomain: edu.stevens.cs548:ClinicDomain:1.0.0 with classifier  to /ClinicDomain/target/classes
2021-03-21 17:06:20,842 [Worker-0: Importing Maven projects] INFO  o.e.m.c.i.p.WorkspaceClassifierResolverManager - Resolving P/ClinicInit0: edu.stevens.cs548:ClinicInit0:1.0.0 with classifier  to /ClinicInit0/target/classes
2021-03-21 17:06:21,070 [Worker-0: Importing Maven projects] INFO  o.e.m.c.i.embedder.EclipseLogger - Generating application.xml
2021-03-21 17:06:21,440 [Worker-0: Importing Maven projects] INFO  o.e.m.j.i.AbstractJavaProjectConfigurator - Adding source folder /ClinicDomain/src
2021-03-21 17:06:21,440 [Worker-0: Importing Maven projects] INFO  o.e.m.j.i.AbstractJavaProjectConfigurator - Resources folder /ClinicDomain/src overlaps with sources folder /ClinicDomain/src
2021-03-21 17:06:21,441 [Worker-0: Importing Maven projects] INFO  o.e.m.j.i.AbstractJavaProjectConfigurator - Not adding source folder /ClinicDomain/src/test/java because it overlaps with /ClinicDomain/src
2021-03-21 17:06:21,503 [Worker-0: Importing Maven projects] INFO  o.e.m.j.i.AbstractJavaProjectConfigurator - Adding source folder /ClinicInit0/ejbModule
2021-03-21 17:06:21,503 [Worker-0: Importing Maven projects] INFO  o.e.m.j.i.AbstractJavaProjectConfigurator - Resources folder /ClinicInit0/ejbModule overlaps with sources folder /ClinicInit0/ejbModule
2021-03-21 17:06:21,504 [Worker-0: Importing Maven projects] INFO  o.e.m.j.i.AbstractJavaProjectConfigurator - Adding source folder /ClinicInit0/src/test/java
2021-03-21 17:06:21,597 [Worker-0: Importing Maven projects] INFO  o.e.m.c.i.embedder.EclipseLogger - Generating application.xml
2021-03-21 17:06:21,617 [Worker-0: Importing Maven projects] INFO  o.e.m.c.i.p.ProjectConfigurationManager - Imported and configured 4 project(s) in 4 sec
2021-03-21 17:06:22,955 [Worker-9: Building] INFO  o.e.m.c.i.embedder.EclipseLogger - Using 'UTF-8' encoding to copy filtered resources.
2021-03-21 17:06:22,961 [Worker-9: Building] INFO  o.e.m.c.i.embedder.EclipseLogger - Copying 4 resources
2021-03-21 17:06:23,033 [Worker-9: Building] INFO  o.e.m.c.i.embedder.EclipseLogger - Using 'UTF-8' encoding to copy filtered resources.
2021-03-21 17:06:23,033 [Worker-9: Building] INFO  o.e.m.c.i.embedder.EclipseLogger - skip non existing resourceDirectory D:\2021spring\cs548\e5\10402740 - Revised\Assignment5-Code\ClinicDomain\src\test\resources
2021-03-21 17:06:25,426 [Worker-2: Building] INFO  o.e.m.c.i.p.WorkspaceClassifierResolverManager - Resolving P/ClinicDomain: edu.stevens.cs548:ClinicDomain:1.0.0 with classifier  to /ClinicDomain/target/classes
2021-03-21 17:06:25,430 [Worker-2: Building] INFO  o.e.m.c.i.embedder.EclipseLogger - Using 'UTF-8' encoding to copy filtered resources.
2021-03-21 17:06:25,431 [Worker-2: Building] INFO  o.e.m.c.i.embedder.EclipseLogger - Copying 4 resources
2021-03-21 17:06:25,458 [Worker-2: Building] INFO  o.e.m.c.i.embedder.EclipseLogger - Using 'UTF-8' encoding to copy filtered resources.
2021-03-21 17:06:25,459 [Worker-2: Building] INFO  o.e.m.c.i.embedder.EclipseLogger - skip non existing resourceDirectory D:\2021spring\cs548\e5\10402740 - Revised\Assignment5-Code\ClinicInit0\src\test\resources
2021-03-21 17:06:25,518 [Worker-2: Building] INFO  o.e.m.c.i.p.WorkspaceClassifierResolverManager - Resolving P/ClinicDomain: edu.stevens.cs548:ClinicDomain:1.0.0 with classifier  to /ClinicDomain/target/classes
2021-03-21 17:06:25,518 [Worker-2: Building] INFO  o.e.m.c.i.p.WorkspaceClassifierResolverManager - Resolving P/ClinicInit0: edu.stevens.cs548:ClinicInit0:1.0.0 with classifier  to /ClinicInit0/target/classes
2021-03-21 17:06:25,530 [Worker-2: Building] INFO  o.e.m.c.i.embedder.EclipseLogger - Using 'UTF-8' encoding to copy filtered resources.
2021-03-21 17:06:25,530 [Worker-2: Building] INFO  o.e.m.c.i.embedder.EclipseLogger - skip non existing resourceDirectory D:\2021spring\cs548\e5\10402740 - Revised\Assignment5-Code\ClinicApp\src\main\resources
2021-03-21 17:06:34,315 [Worker-9: Building] INFO  o.e.m.c.i.embedder.EclipseLogger - Using 'UTF-8' encoding to copy filtered resources.
2021-03-21 17:06:34,317 [Worker-9: Building] INFO  o.e.m.c.i.embedder.EclipseLogger - Copying 0 resource
2021-03-21 17:06:34,318 [Worker-9: Building] INFO  o.e.m.c.i.embedder.EclipseLogger - Using 'UTF-8' encoding to copy filtered resources.
2021-03-21 17:06:34,318 [Worker-9: Building] INFO  o.e.m.c.i.embedder.EclipseLogger - skip non existing resourceDirectory D:\2021spring\cs548\e5\10402740 - Revised\Assignment5-Code\ClinicDomain\src\test\resources
2021-03-21 17:06:34,323 [Worker-9: Building] INFO  o.e.m.c.i.embedder.EclipseLogger - Using 'UTF-8' encoding to copy filtered resources.
2021-03-21 17:06:34,323 [Worker-9: Building] INFO  o.e.m.c.i.embedder.EclipseLogger - Copying 0 resource
2021-03-21 17:06:34,324 [Worker-9: Building] INFO  o.e.m.c.i.embedder.EclipseLogger - Using 'UTF-8' encoding to copy filtered resources.
2021-03-21 17:06:34,324 [Worker-9: Building] INFO  o.e.m.c.i.embedder.EclipseLogger - skip non existing resourceDirectory D:\2021spring\cs548\e5\10402740 - Revised\Assignment5-Code\ClinicInit0\src\test\resources
2021-03-22 21:25:33,606 [Worker-183: Building] INFO  o.e.m.c.i.embedder.EclipseLogger - Using 'UTF-8' encoding to copy filtered resources.
2021-03-22 21:25:33,636 [Worker-183: Building] INFO  o.e.m.c.i.embedder.EclipseLogger - Copying 4 resources
2021-03-22 21:25:33,645 [Worker-183: Building] INFO  o.e.m.c.i.embedder.EclipseLogger - Using 'UTF-8' encoding to copy filtered resources.
2021-03-22 21:25:33,645 [Worker-183: Building] INFO  o.e.m.c.i.embedder.EclipseLogger - skip non existing resourceDirectory D:\2021spring\cs548\e5\10402740 - Revised\Assignment5-Code\ClinicDomain\src\test\resources
2021-03-22 21:25:41,849 [ModalContext] INFO  o.e.m.c.i.embedder.EclipseLogger - Using 'UTF-8' encoding to copy filtered resources.
2021-03-22 21:25:41,849 [ModalContext] INFO  o.e.m.c.i.embedder.EclipseLogger - Copying 4 resources
2021-03-22 21:25:41,862 [ModalContext] INFO  o.e.m.c.i.embedder.EclipseLogger - Using 'UTF-8' encoding to copy filtered resources.
2021-03-22 21:25:41,862 [ModalContext] INFO  o.e.m.c.i.embedder.EclipseLogger - skip non existing resourceDirectory D:\2021spring\cs548\e5\10402740 - Revised\Assignment5-Code\ClinicDomain\src\test\resources
2021-03-22 21:25:43,765 [Worker-207: Building] INFO  o.e.m.c.i.embedder.EclipseLogger - Using 'UTF-8' encoding to copy filtered resources.
2021-03-22 21:25:43,765 [Worker-207: Building] INFO  o.e.m.c.i.embedder.EclipseLogger - Copying 0 resource
2021-03-22 21:25:43,765 [Worker-207: Building] INFO  o.e.m.c.i.embedder.EclipseLogger - Using 'UTF-8' encoding to copy filtered resources.
2021-03-22 21:25:43,765 [Worker-207: Building] INFO  o.e.m.c.i.embedder.EclipseLogger - skip non existing resourceDirectory D:\2021spring\cs548\e5\10402740 - Revised\Assignment5-Code\ClinicDomain\src\test\resources
2021-03-22 21:25:50,781 [Worker-204: Building] INFO  o.e.m.c.i.embedder.EclipseLogger - Using 'UTF-8' encoding to copy filtered resources.
2021-03-22 21:25:50,781 [Worker-204: Building] INFO  o.e.m.c.i.embedder.EclipseLogger - Copying 0 resource
2021-03-22 21:25:50,782 [Worker-204: Building] INFO  o.e.m.c.i.embedder.EclipseLogger - Using 'UTF-8' encoding to copy filtered resources.
2021-03-22 21:25:50,782 [Worker-204: Building] INFO  o.e.m.c.i.embedder.EclipseLogger - skip non existing resourceDirectory D:\2021spring\cs548\e5\10402740 - Revised\Assignment5-Code\ClinicDomain\src\test\resources
2021-03-22 21:27:51,360 [Worker-207: Launching Executing clean in D__2021spring_cs548_e5_10402740 - Revised_Assignment5-Code_ClinicRoot] INFO  o.e.m.i.launch.MavenLaunchDelegate - D:\2021spring\cs548\e5\10402740 - Revised\Assignment5-Code\ClinicRoot
2021-03-22 21:27:51,362 [Worker-207: Launching Executing clean in D__2021spring_cs548_e5_10402740 - Revised_Assignment5-Code_ClinicRoot] INFO  o.e.m.i.launch.MavenLaunchDelegate -  mvn -B clean
2021-03-22 21:27:58,049 [Worker-204: Launching Executing install in D__2021spring_cs548_e5_10402740 - Revised_Assignment5-Code_ClinicRoot] INFO  o.e.m.i.launch.MavenLaunchDelegate - D:\2021spring\cs548\e5\10402740 - Revised\Assignment5-Code\ClinicRoot
2021-03-22 21:27:58,050 [Worker-204: Launching Executing install in D__2021spring_cs548_e5_10402740 - Revised_Assignment5-Code_ClinicRoot] INFO  o.e.m.i.launch.MavenLaunchDelegate -  mvn -B install
2021-03-22 21:28:55,883 [Worker-183: Building] INFO  o.e.m.c.i.embedder.EclipseLogger - Using 'UTF-8' encoding to copy filtered resources.
2021-03-22 21:28:55,884 [Worker-183: Building] INFO  o.e.m.c.i.embedder.EclipseLogger - Copying 4 resources
2021-03-22 21:28:55,885 [Worker-183: Building] INFO  o.e.m.c.i.embedder.EclipseLogger - Using 'UTF-8' encoding to copy filtered resources.
2021-03-22 21:28:55,885 [Worker-183: Building] INFO  o.e.m.c.i.embedder.EclipseLogger - skip non existing resourceDirectory D:\2021spring\cs548\e5\10402740 - Revised\Assignment5-Code\ClinicDomain\src\test\resources
2021-03-22 21:28:55,908 [Worker-183: Building] INFO  o.e.m.c.i.embedder.EclipseLogger - Using 'UTF-8' encoding to copy filtered resources.
2021-03-22 21:28:55,909 [Worker-183: Building] INFO  o.e.m.c.i.embedder.EclipseLogger - Copying 4 resources
2021-03-22 21:28:55,909 [Worker-183: Building] INFO  o.e.m.c.i.embedder.EclipseLogger - Using 'UTF-8' encoding to copy filtered resources.
2021-03-22 21:28:55,909 [Worker-183: Building] INFO  o.e.m.c.i.embedder.EclipseLogger - skip non existing resourceDirectory D:\2021spring\cs548\e5\10402740 - Revised\Assignment5-Code\ClinicInit0\src\test\resources
2021-03-22 21:28:55,929 [Worker-183: Building] INFO  o.e.m.w.i.f.ResourceFilteringBuildParticipant - Changed resources require a complete clean of filtered resources of ClinicApp
2021-03-22 21:28:55,953 [Worker-183: Building] INFO  o.e.m.w.i.f.ResourceFilteringBuildParticipant - Executing resource filtering for ClinicApp
2021-03-22 21:28:55,980 [Worker-183: Building] INFO  o.e.m.c.i.embedder.EclipseLogger - Using 'UTF-8' encoding to copy filtered resources.
2021-03-22 21:28:55,985 [Worker-183: Building] INFO  o.e.m.c.i.embedder.EclipseLogger - Generating application.xml
2021-03-22 21:28:55,994 [Worker-183: Building] INFO  o.e.m.c.i.embedder.EclipseLogger - Using 'UTF-8' encoding to copy filtered resources.
2021-03-22 21:28:55,994 [Worker-183: Building] INFO  o.e.m.c.i.embedder.EclipseLogger - skip non existing resourceDirectory D:\2021spring\cs548\e5\10402740 - Revised\Assignment5-Code\ClinicApp\src\main\resources
2021-03-23 23:21:45,520 [Worker-1: Loading available Gradle versions] INFO  o.e.b.c.i.u.g.PublishedGradleVersions - Gradle version information cache is up-to-date. Trying to read.
