2021-03-23 22:45:11,396 [Worker-2: Loading available Gradle versions] INFO  o.e.b.c.i.u.g.PublishedGradleVersions - Gradle version information cache is up-to-date. Trying to read.
2021-03-23 22:46:36,889 [Worker-6: Importing Maven projects] INFO  o.e.m.c.i.l.LifecycleMappingFactory - Using NULL lifecycle mapping for MavenProject: edu.stevens.cs548:ClinicRoot:1.0.0 @ D:\2021spring\cs548\e6\10402740\Assignment6-Code\ClinicRoot\pom.xml.
2021-03-23 22:46:37,364 [Worker-6: Importing Maven projects] INFO  o.e.m.c.i.l.LifecycleMappingFactory - Using org.eclipse.m2e.jdt.JarLifecycleMapping lifecycle mapping for MavenProject: edu.stevens.cs548:ClinicDTOs:1.0.0 @ D:\2021spring\cs548\e6\10402740\Assignment6-Code\ClinicDTOs\pom.xml.
2021-03-23 22:46:37,423 [Worker-6: Importing Maven projects] INFO  o.e.m.c.i.p.WorkspaceClassifierResolverManager - Resolving P/ClinicDomain: edu.stevens.cs548:ClinicDomain:1.0.0 with classifier  to /ClinicDomain/target/classes
2021-03-23 22:46:37,483 [Worker-6: Importing Maven projects] INFO  o.e.m.c.i.l.LifecycleMappingFactory - Using org.maven.ide.eclipse.wtp.EarLifecycleMapping lifecycle mapping for MavenProject: edu.stevens.cs548:ClinicApp:1.0.0 @ D:\2021spring\cs548\e6\10402740\Assignment6-Code\ClinicApp\pom.xml.
2021-03-23 22:46:37,487 [Worker-6: Importing Maven projects] INFO  o.e.m.c.i.p.WorkspaceClassifierResolverManager - Resolving P/ClinicDomain: edu.stevens.cs548:ClinicDomain:1.0.0 with classifier  to /ClinicDomain/target/classes
2021-03-23 22:46:37,488 [Worker-6: Importing Maven projects] INFO  o.e.m.c.i.p.WorkspaceClassifierResolverManager - Resolving P/ClinicDTOs: edu.stevens.cs548:ClinicDTOs:1.0.0 with classifier  to /ClinicDTOs/target/classes
2021-03-23 22:46:37,488 [Worker-6: Importing Maven projects] INFO  o.e.m.c.i.p.WorkspaceClassifierResolverManager - Resolving P/ClinicInit1: edu.stevens.cs548:ClinicInit1:1.0.0 with classifier  to /ClinicInit1/target/classes
2021-03-23 22:46:37,488 [Worker-6: Importing Maven projects] INFO  o.e.m.c.i.p.WorkspaceClassifierResolverManager - Resolving P/ClinicService: edu.stevens.cs548:ClinicService:1.0.0 with classifier  to /ClinicService/target/classes
2021-03-23 22:46:37,488 [Worker-6: Importing Maven projects] INFO  o.e.m.c.i.p.WorkspaceClassifierResolverManager - Resolving P/ClinicServiceClient: edu.stevens.cs548:ClinicServiceClient:1.0.0 with classifier  to /ClinicServiceClient/target/classes
2021-03-23 22:46:37,554 [Worker-6: Importing Maven projects] INFO  o.e.m.c.i.l.LifecycleMappingFactory - Using org.maven.ide.eclipse.wtp.EjbLifecycleMapping lifecycle mapping for MavenProject: edu.stevens.cs548:ClinicInit1:1.0.0 @ D:\2021spring\cs548\e6\10402740\Assignment6-Code\ClinicInit1\pom.xml.
2021-03-23 22:46:37,556 [Worker-6: Importing Maven projects] INFO  o.e.m.c.i.p.WorkspaceClassifierResolverManager - Resolving P/ClinicDomain: edu.stevens.cs548:ClinicDomain:1.0.0 with classifier  to /ClinicDomain/target/classes
2021-03-23 22:46:37,557 [Worker-6: Importing Maven projects] INFO  o.e.m.c.i.p.WorkspaceClassifierResolverManager - Resolving P/ClinicServiceClient: edu.stevens.cs548:ClinicServiceClient:1.0.0 with classifier  to /ClinicServiceClient/target/classes
2021-03-23 22:46:37,557 [Worker-6: Importing Maven projects] INFO  o.e.m.c.i.p.WorkspaceClassifierResolverManager - Resolving P/ClinicDTOs: edu.stevens.cs548:ClinicDTOs:1.0.0 with classifier  to /ClinicDTOs/target/classes
2021-03-23 22:46:37,620 [Worker-6: Importing Maven projects] INFO  o.e.m.c.i.l.LifecycleMappingFactory - Using org.eclipse.m2e.jdt.JarLifecycleMapping lifecycle mapping for MavenProject: edu.stevens.cs548:ClinicServiceClient:1.0.0 @ D:\2021spring\cs548\e6\10402740\Assignment6-Code\ClinicServiceClient\pom.xml.
2021-03-23 22:46:37,623 [Worker-6: Importing Maven projects] INFO  o.e.m.c.i.p.WorkspaceClassifierResolverManager - Resolving P/ClinicDomain: edu.stevens.cs548:ClinicDomain:1.0.0 with classifier  to /ClinicDomain/target/classes
2021-03-23 22:46:37,623 [Worker-6: Importing Maven projects] INFO  o.e.m.c.i.p.WorkspaceClassifierResolverManager - Resolving P/ClinicDTOs: edu.stevens.cs548:ClinicDTOs:1.0.0 with classifier  to /ClinicDTOs/target/classes
2021-03-23 22:46:37,682 [Worker-6: Importing Maven projects] INFO  o.e.m.c.i.l.LifecycleMappingFactory - Using org.eclipse.m2e.jdt.JarLifecycleMapping lifecycle mapping for MavenProject: edu.stevens.cs548:ClinicDomain:1.0.0 @ D:\2021spring\cs548\e6\10402740\Assignment6-Code\ClinicDomain\pom.xml.
2021-03-23 22:46:37,745 [Worker-6: Importing Maven projects] INFO  o.e.m.c.i.l.LifecycleMappingFactory - Using org.maven.ide.eclipse.wtp.EjbLifecycleMapping lifecycle mapping for MavenProject: edu.stevens.cs548:ClinicService:1.0.0 @ D:\2021spring\cs548\e6\10402740\Assignment6-Code\ClinicService\pom.xml.
2021-03-23 22:46:37,748 [Worker-6: Importing Maven projects] INFO  o.e.m.c.i.p.WorkspaceClassifierResolverManager - Resolving P/ClinicDomain: edu.stevens.cs548:ClinicDomain:1.0.0 with classifier  to /ClinicDomain/target/classes
2021-03-23 22:46:37,748 [Worker-6: Importing Maven projects] INFO  o.e.m.c.i.p.WorkspaceClassifierResolverManager - Resolving P/ClinicDTOs: edu.stevens.cs548:ClinicDTOs:1.0.0 with classifier  to /ClinicDTOs/target/classes
2021-03-23 22:46:37,748 [Worker-6: Importing Maven projects] INFO  o.e.m.c.i.p.WorkspaceClassifierResolverManager - Resolving P/ClinicServiceClient: edu.stevens.cs548:ClinicServiceClient:1.0.0 with classifier  to /ClinicServiceClient/target/classes
2021-03-23 22:46:37,796 [Worker-6: Importing Maven projects] INFO  o.e.m.c.i.l.LifecycleMappingFactory - Using org.maven.ide.eclipse.wtp.EarLifecycleMapping lifecycle mapping for MavenProject: edu.stevens.cs548:ClinicApp:1.0.0 @ D:\2021spring\cs548\e6\10402740\Assignment6-Code\ClinicApp\pom.xml.
2021-03-23 22:46:37,797 [Worker-6: Importing Maven projects] INFO  o.e.m.c.i.p.WorkspaceClassifierResolverManager - Resolving P/ClinicDomain: edu.stevens.cs548:ClinicDomain:1.0.0 with classifier  to /ClinicDomain/target/classes
2021-03-23 22:46:37,798 [Worker-6: Importing Maven projects] INFO  o.e.m.c.i.p.WorkspaceClassifierResolverManager - Resolving P/ClinicDTOs: edu.stevens.cs548:ClinicDTOs:1.0.0 with classifier  to /ClinicDTOs/target/classes
2021-03-23 22:46:37,798 [Worker-6: Importing Maven projects] INFO  o.e.m.c.i.p.WorkspaceClassifierResolverManager - Resolving P/ClinicInit1: edu.stevens.cs548:ClinicInit1:1.0.0 with classifier  to /ClinicInit1/target/classes
2021-03-23 22:46:37,798 [Worker-6: Importing Maven projects] INFO  o.e.m.c.i.p.WorkspaceClassifierResolverManager - Resolving P/ClinicService: edu.stevens.cs548:ClinicService:1.0.0 with classifier  to /ClinicService/target/classes
2021-03-23 22:46:37,798 [Worker-6: Importing Maven projects] INFO  o.e.m.c.i.p.WorkspaceClassifierResolverManager - Resolving P/ClinicServiceClient: edu.stevens.cs548:ClinicServiceClient:1.0.0 with classifier  to /ClinicServiceClient/target/classes
2021-03-23 22:46:37,856 [Worker-6: Importing Maven projects] INFO  o.e.m.c.i.l.LifecycleMappingFactory - Using org.maven.ide.eclipse.wtp.EjbLifecycleMapping lifecycle mapping for MavenProject: edu.stevens.cs548:ClinicInit1:1.0.0 @ D:\2021spring\cs548\e6\10402740\Assignment6-Code\ClinicInit1\pom.xml.
2021-03-23 22:46:37,860 [Worker-6: Importing Maven projects] INFO  o.e.m.c.i.p.WorkspaceClassifierResolverManager - Resolving P/ClinicDomain: edu.stevens.cs548:ClinicDomain:1.0.0 with classifier  to /ClinicDomain/target/classes
2021-03-23 22:46:37,860 [Worker-6: Importing Maven projects] INFO  o.e.m.c.i.p.WorkspaceClassifierResolverManager - Resolving P/ClinicServiceClient: edu.stevens.cs548:ClinicServiceClient:1.0.0 with classifier  to /ClinicServiceClient/target/classes
2021-03-23 22:46:37,860 [Worker-6: Importing Maven projects] INFO  o.e.m.c.i.p.WorkspaceClassifierResolverManager - Resolving P/ClinicDTOs: edu.stevens.cs548:ClinicDTOs:1.0.0 with classifier  to /ClinicDTOs/target/classes
2021-03-23 22:46:37,927 [Worker-6: Importing Maven projects] INFO  o.e.m.c.i.l.LifecycleMappingFactory - Using org.eclipse.m2e.jdt.JarLifecycleMapping lifecycle mapping for MavenProject: edu.stevens.cs548:ClinicDTOs:1.0.0 @ D:\2021spring\cs548\e6\10402740\Assignment6-Code\ClinicDTOs\pom.xml.
2021-03-23 22:46:37,931 [Worker-6: Importing Maven projects] INFO  o.e.m.c.i.p.WorkspaceClassifierResolverManager - Resolving P/ClinicDomain: edu.stevens.cs548:ClinicDomain:1.0.0 with classifier  to /ClinicDomain/target/classes
2021-03-23 22:46:37,983 [Worker-6: Importing Maven projects] INFO  o.e.m.c.i.l.LifecycleMappingFactory - Using org.eclipse.m2e.jdt.JarLifecycleMapping lifecycle mapping for MavenProject: edu.stevens.cs548:ClinicServiceClient:1.0.0 @ D:\2021spring\cs548\e6\10402740\Assignment6-Code\ClinicServiceClient\pom.xml.
2021-03-23 22:46:37,986 [Worker-6: Importing Maven projects] INFO  o.e.m.c.i.p.WorkspaceClassifierResolverManager - Resolving P/ClinicDomain: edu.stevens.cs548:ClinicDomain:1.0.0 with classifier  to /ClinicDomain/target/classes
2021-03-23 22:46:37,986 [Worker-6: Importing Maven projects] INFO  o.e.m.c.i.p.WorkspaceClassifierResolverManager - Resolving P/ClinicDTOs: edu.stevens.cs548:ClinicDTOs:1.0.0 with classifier  to /ClinicDTOs/target/classes
2021-03-23 22:46:38,033 [Worker-6: Importing Maven projects] INFO  o.e.m.c.i.l.LifecycleMappingFactory - Using org.maven.ide.eclipse.wtp.EarLifecycleMapping lifecycle mapping for MavenProject: edu.stevens.cs548:ClinicApp:1.0.0 @ D:\2021spring\cs548\e6\10402740\Assignment6-Code\ClinicApp\pom.xml.
2021-03-23 22:46:38,035 [Worker-6: Importing Maven projects] INFO  o.e.m.c.i.p.WorkspaceClassifierResolverManager - Resolving P/ClinicDomain: edu.stevens.cs548:ClinicDomain:1.0.0 with classifier  to /ClinicDomain/target/classes
2021-03-23 22:46:38,035 [Worker-6: Importing Maven projects] INFO  o.e.m.c.i.p.WorkspaceClassifierResolverManager - Resolving P/ClinicDTOs: edu.stevens.cs548:ClinicDTOs:1.0.0 with classifier  to /ClinicDTOs/target/classes
2021-03-23 22:46:38,035 [Worker-6: Importing Maven projects] INFO  o.e.m.c.i.p.WorkspaceClassifierResolverManager - Resolving P/ClinicInit1: edu.stevens.cs548:ClinicInit1:1.0.0 with classifier  to /ClinicInit1/target/classes
2021-03-23 22:46:38,035 [Worker-6: Importing Maven projects] INFO  o.e.m.c.i.p.WorkspaceClassifierResolverManager - Resolving P/ClinicService: edu.stevens.cs548:ClinicService:1.0.0 with classifier  to /ClinicService/target/classes
2021-03-23 22:46:38,035 [Worker-6: Importing Maven projects] INFO  o.e.m.c.i.p.WorkspaceClassifierResolverManager - Resolving P/ClinicServiceClient: edu.stevens.cs548:ClinicServiceClient:1.0.0 with classifier  to /ClinicServiceClient/target/classes
2021-03-23 22:46:38,091 [Worker-6: Importing Maven projects] INFO  o.e.m.c.i.l.LifecycleMappingFactory - Using org.maven.ide.eclipse.wtp.EjbLifecycleMapping lifecycle mapping for MavenProject: edu.stevens.cs548:ClinicInit1:1.0.0 @ D:\2021spring\cs548\e6\10402740\Assignment6-Code\ClinicInit1\pom.xml.
2021-03-23 22:46:38,093 [Worker-6: Importing Maven projects] INFO  o.e.m.c.i.p.WorkspaceClassifierResolverManager - Resolving P/ClinicDomain: edu.stevens.cs548:ClinicDomain:1.0.0 with classifier  to /ClinicDomain/target/classes
2021-03-23 22:46:38,094 [Worker-6: Importing Maven projects] INFO  o.e.m.c.i.p.WorkspaceClassifierResolverManager - Resolving P/ClinicServiceClient: edu.stevens.cs548:ClinicServiceClient:1.0.0 with classifier  to /ClinicServiceClient/target/classes
2021-03-23 22:46:38,094 [Worker-6: Importing Maven projects] INFO  o.e.m.c.i.p.WorkspaceClassifierResolverManager - Resolving P/ClinicDTOs: edu.stevens.cs548:ClinicDTOs:1.0.0 with classifier  to /ClinicDTOs/target/classes
2021-03-23 22:46:38,151 [Worker-6: Importing Maven projects] INFO  o.e.m.c.i.l.LifecycleMappingFactory - Using org.maven.ide.eclipse.wtp.EjbLifecycleMapping lifecycle mapping for MavenProject: edu.stevens.cs548:ClinicService:1.0.0 @ D:\2021spring\cs548\e6\10402740\Assignment6-Code\ClinicService\pom.xml.
2021-03-23 22:46:38,153 [Worker-6: Importing Maven projects] INFO  o.e.m.c.i.p.WorkspaceClassifierResolverManager - Resolving P/ClinicDomain: edu.stevens.cs548:ClinicDomain:1.0.0 with classifier  to /ClinicDomain/target/classes
2021-03-23 22:46:38,154 [Worker-6: Importing Maven projects] INFO  o.e.m.c.i.p.WorkspaceClassifierResolverManager - Resolving P/ClinicDTOs: edu.stevens.cs548:ClinicDTOs:1.0.0 with classifier  to /ClinicDTOs/target/classes
2021-03-23 22:46:38,154 [Worker-6: Importing Maven projects] INFO  o.e.m.c.i.p.WorkspaceClassifierResolverManager - Resolving P/ClinicServiceClient: edu.stevens.cs548:ClinicServiceClient:1.0.0 with classifier  to /ClinicServiceClient/target/classes
2021-03-23 22:46:38,199 [Worker-6: Importing Maven projects] INFO  o.e.m.c.i.l.LifecycleMappingFactory - Using org.maven.ide.eclipse.wtp.EarLifecycleMapping lifecycle mapping for MavenProject: edu.stevens.cs548:ClinicApp:1.0.0 @ D:\2021spring\cs548\e6\10402740\Assignment6-Code\ClinicApp\pom.xml.
2021-03-23 22:46:38,200 [Worker-6: Importing Maven projects] INFO  o.e.m.c.i.p.WorkspaceClassifierResolverManager - Resolving P/ClinicDomain: edu.stevens.cs548:ClinicDomain:1.0.0 with classifier  to /ClinicDomain/target/classes
2021-03-23 22:46:38,201 [Worker-6: Importing Maven projects] INFO  o.e.m.c.i.p.WorkspaceClassifierResolverManager - Resolving P/ClinicDTOs: edu.stevens.cs548:ClinicDTOs:1.0.0 with classifier  to /ClinicDTOs/target/classes
2021-03-23 22:46:38,201 [Worker-6: Importing Maven projects] INFO  o.e.m.c.i.p.WorkspaceClassifierResolverManager - Resolving P/ClinicInit1: edu.stevens.cs548:ClinicInit1:1.0.0 with classifier  to /ClinicInit1/target/classes
2021-03-23 22:46:38,201 [Worker-6: Importing Maven projects] INFO  o.e.m.c.i.p.WorkspaceClassifierResolverManager - Resolving P/ClinicService: edu.stevens.cs548:ClinicService:1.0.0 with classifier  to /ClinicService/target/classes
2021-03-23 22:46:38,201 [Worker-6: Importing Maven projects] INFO  o.e.m.c.i.p.WorkspaceClassifierResolverManager - Resolving P/ClinicServiceClient: edu.stevens.cs548:ClinicServiceClient:1.0.0 with classifier  to /ClinicServiceClient/target/classes
2021-03-23 22:46:39,389 [Worker-6: Importing Maven projects] INFO  o.e.m.c.i.p.WorkspaceClassifierResolverManager - Resolving P/ClinicDomain: edu.stevens.cs548:ClinicDomain:1.0.0 with classifier  to /ClinicDomain/target/classes
2021-03-23 22:46:39,389 [Worker-6: Importing Maven projects] INFO  o.e.m.c.i.p.WorkspaceClassifierResolverManager - Resolving P/ClinicDTOs: edu.stevens.cs548:ClinicDTOs:1.0.0 with classifier  to /ClinicDTOs/target/classes
2021-03-23 22:46:39,389 [Worker-6: Importing Maven projects] INFO  o.e.m.c.i.p.WorkspaceClassifierResolverManager - Resolving P/ClinicInit1: edu.stevens.cs548:ClinicInit1:1.0.0 with classifier  to /ClinicInit1/target/classes
2021-03-23 22:46:39,389 [Worker-6: Importing Maven projects] INFO  o.e.m.c.i.p.WorkspaceClassifierResolverManager - Resolving P/ClinicService: edu.stevens.cs548:ClinicService:1.0.0 with classifier  to /ClinicService/target/classes
2021-03-23 22:46:39,389 [Worker-6: Importing Maven projects] INFO  o.e.m.c.i.p.WorkspaceClassifierResolverManager - Resolving P/ClinicServiceClient: edu.stevens.cs548:ClinicServiceClient:1.0.0 with classifier  to /ClinicServiceClient/target/classes
2021-03-23 22:46:39,572 [Worker-6: Importing Maven projects] INFO  o.e.m.c.i.embedder.EclipseLogger - Generating application.xml
2021-03-23 22:46:39,879 [Worker-6: Importing Maven projects] INFO  o.e.m.j.i.AbstractJavaProjectConfigurator - Adding source folder /ClinicDomain/src
2021-03-23 22:46:39,880 [Worker-6: Importing Maven projects] INFO  o.e.m.j.i.AbstractJavaProjectConfigurator - Resources folder /ClinicDomain/src overlaps with sources folder /ClinicDomain/src
2021-03-23 22:46:39,881 [Worker-6: Importing Maven projects] INFO  o.e.m.j.i.AbstractJavaProjectConfigurator - Not adding source folder /ClinicDomain/src/test/java because it overlaps with /ClinicDomain/src
2021-03-23 22:46:40,002 [Worker-6: Importing Maven projects] INFO  o.e.m.c.i.p.WorkspaceClassifierResolverManager - Resolving P/ClinicDomain: edu.stevens.cs548:ClinicDomain:1.0.0 with classifier  to /ClinicDomain/target/classes
2021-03-23 22:46:40,171 [Worker-6: Importing Maven projects] WARN  o.e.m.c.i.embedder.EclipseLogger - No schemas to compile. Skipping XJC execution. 
2021-03-23 22:46:40,420 [Worker-6: Importing Maven projects] INFO  o.e.m.j.i.AbstractJavaProjectConfigurator - Adding source folder /ClinicDTOs/src/main/java
2021-03-23 22:46:40,421 [Worker-6: Importing Maven projects] INFO  o.e.m.j.i.AbstractJavaProjectConfigurator - Adding source folder /ClinicDTOs/target/generated-sources
2021-03-23 22:46:40,421 [Worker-6: Importing Maven projects] INFO  o.e.m.j.i.AbstractJavaProjectConfigurator - Adding resource folder /ClinicDTOs/src/main/resources
2021-03-23 22:46:40,421 [Worker-6: Importing Maven projects] INFO  o.e.m.j.i.AbstractJavaProjectConfigurator - Resources folder /ClinicDTOs/target/generated-sources overlaps with sources folder /ClinicDTOs/target/generated-sources
2021-03-23 22:46:40,422 [Worker-6: Importing Maven projects] INFO  o.e.m.j.i.AbstractJavaProjectConfigurator - Adding source folder /ClinicDTOs/src/test/java
2021-03-23 22:46:40,472 [Worker-6: Importing Maven projects] INFO  o.e.m.j.i.AbstractJavaProjectConfigurator - Adding source folder /ClinicServiceClient/ejbModule
2021-03-23 22:46:40,473 [Worker-6: Importing Maven projects] INFO  o.e.m.j.i.AbstractJavaProjectConfigurator - Resources folder /ClinicServiceClient/ejbModule overlaps with sources folder /ClinicServiceClient/ejbModule
2021-03-23 22:46:40,473 [Worker-6: Importing Maven projects] INFO  o.e.m.j.i.AbstractJavaProjectConfigurator - Adding source folder /ClinicServiceClient/src/test/java
2021-03-23 22:46:40,511 [Worker-6: Importing Maven projects] INFO  o.e.m.j.i.AbstractJavaProjectConfigurator - Adding source folder /ClinicInit1/ejbModule
2021-03-23 22:46:40,511 [Worker-6: Importing Maven projects] INFO  o.e.m.j.i.AbstractJavaProjectConfigurator - Resources folder /ClinicInit1/ejbModule overlaps with sources folder /ClinicInit1/ejbModule
2021-03-23 22:46:40,511 [Worker-6: Importing Maven projects] INFO  o.e.m.j.i.AbstractJavaProjectConfigurator - Adding source folder /ClinicInit1/src/test/java
2021-03-23 22:46:40,552 [Worker-6: Importing Maven projects] INFO  o.e.m.j.i.AbstractJavaProjectConfigurator - Adding source folder /ClinicService/ejbModule
2021-03-23 22:46:40,552 [Worker-6: Importing Maven projects] INFO  o.e.m.j.i.AbstractJavaProjectConfigurator - Resources folder /ClinicService/ejbModule overlaps with sources folder /ClinicService/ejbModule
2021-03-23 22:46:40,552 [Worker-6: Importing Maven projects] INFO  o.e.m.j.i.AbstractJavaProjectConfigurator - Adding source folder /ClinicService/src/test/java
2021-03-23 22:46:40,673 [Worker-6: Importing Maven projects] INFO  o.e.m.c.i.embedder.EclipseLogger - Generating application.xml
2021-03-23 22:46:40,694 [Worker-6: Importing Maven projects] INFO  o.e.m.c.i.p.ProjectConfigurationManager - Imported and configured 7 project(s) in 37 sec
2021-03-23 22:46:42,115 [Worker-7: Building] INFO  o.e.m.c.i.embedder.EclipseLogger - Using 'UTF-8' encoding to copy filtered resources.
2021-03-23 22:46:42,143 [Worker-7: Building] INFO  o.e.m.c.i.embedder.EclipseLogger - Copying 2 resources
2021-03-23 22:46:42,163 [Worker-7: Building] INFO  o.e.m.c.i.embedder.EclipseLogger - Using 'UTF-8' encoding to copy filtered resources.
2021-03-23 22:46:42,163 [Worker-7: Building] INFO  o.e.m.c.i.embedder.EclipseLogger - skip non existing resourceDirectory D:\2021spring\cs548\e6\10402740\Assignment6-Code\ClinicDomain\src\test\resources
2021-03-23 22:46:42,362 [Worker-7: Building] INFO  o.e.m.c.i.p.WorkspaceClassifierResolverManager - Resolving P/ClinicDomain: edu.stevens.cs548:ClinicDomain:1.0.0 with classifier  to /ClinicDomain/target/classes
2021-03-23 22:46:42,396 [Worker-7: Building] INFO  o.e.m.c.i.embedder.EclipseLogger - Latest timestamp of the source resources is [2021-03-23 19:33:55.460], earliest timestamp of the target resources is [2021-03-23 20:16:03.063].
2021-03-23 22:46:42,396 [Worker-7: Building] INFO  o.e.m.c.i.embedder.EclipseLogger - Sources are up-to-date, XJC will be skipped.
2021-03-23 22:46:42,397 [Worker-7: Building] INFO  o.e.m.c.i.embedder.EclipseLogger - Using 'UTF-8' encoding to copy filtered resources.
2021-03-23 22:46:42,397 [Worker-7: Building] INFO  o.e.m.c.i.embedder.EclipseLogger - Copying 4 resources
2021-03-23 22:46:42,425 [Worker-7: Building] INFO  o.e.m.c.i.embedder.EclipseLogger - Copying 1 resource
2021-03-23 22:46:42,437 [Worker-7: Building] INFO  o.e.m.c.i.embedder.EclipseLogger - Using 'UTF-8' encoding to copy filtered resources.
2021-03-23 22:46:42,438 [Worker-7: Building] INFO  o.e.m.c.i.embedder.EclipseLogger - skip non existing resourceDirectory D:\2021spring\cs548\e6\10402740\Assignment6-Code\ClinicDTOs\src\test\resources
2021-03-23 22:46:42,499 [Worker-7: Building] INFO  o.e.m.c.i.p.WorkspaceClassifierResolverManager - Resolving P/ClinicDomain: edu.stevens.cs548:ClinicDomain:1.0.0 with classifier  to /ClinicDomain/target/classes
2021-03-23 22:46:42,500 [Worker-7: Building] INFO  o.e.m.c.i.p.WorkspaceClassifierResolverManager - Resolving P/ClinicDTOs: edu.stevens.cs548:ClinicDTOs:1.0.0 with classifier  to /ClinicDTOs/target/classes
2021-03-23 22:46:42,500 [Worker-7: Building] INFO  o.e.m.c.i.p.WorkspaceClassifierResolverManager - Resolving P/ClinicInit1: edu.stevens.cs548:ClinicInit1:1.0.0 with classifier  to /ClinicInit1/target/classes
2021-03-23 22:46:42,500 [Worker-7: Building] INFO  o.e.m.c.i.p.WorkspaceClassifierResolverManager - Resolving P/ClinicService: edu.stevens.cs548:ClinicService:1.0.0 with classifier  to /ClinicService/target/classes
2021-03-23 22:46:42,500 [Worker-7: Building] INFO  o.e.m.c.i.p.WorkspaceClassifierResolverManager - Resolving P/ClinicServiceClient: edu.stevens.cs548:ClinicServiceClient:1.0.0 with classifier  to /ClinicServiceClient/target/classes
2021-03-23 22:46:42,504 [Worker-7: Building] INFO  o.e.m.c.i.embedder.EclipseLogger - Using 'UTF-8' encoding to copy filtered resources.
2021-03-23 22:46:42,504 [Worker-7: Building] INFO  o.e.m.c.i.embedder.EclipseLogger - skip non existing resourceDirectory D:\2021spring\cs548\e6\10402740\Assignment6-Code\ClinicApp\src\main\resources
2021-03-23 22:46:42,824 [Worker-7: Building] INFO  o.e.m.c.i.p.WorkspaceClassifierResolverManager - Resolving P/ClinicDomain: edu.stevens.cs548:ClinicDomain:1.0.0 with classifier  to /ClinicDomain/target/classes
2021-03-23 22:46:42,824 [Worker-7: Building] INFO  o.e.m.c.i.p.WorkspaceClassifierResolverManager - Resolving P/ClinicDTOs: edu.stevens.cs548:ClinicDTOs:1.0.0 with classifier  to /ClinicDTOs/target/classes
2021-03-23 22:46:42,828 [Worker-7: Building] INFO  o.e.m.c.i.embedder.EclipseLogger - Using 'UTF-8' encoding to copy filtered resources.
2021-03-23 22:46:42,829 [Worker-7: Building] INFO  o.e.m.c.i.embedder.EclipseLogger - Copying 1 resource
2021-03-23 22:46:42,839 [Worker-7: Building] INFO  o.e.m.c.i.embedder.EclipseLogger - Using 'UTF-8' encoding to copy filtered resources.
2021-03-23 22:46:42,839 [Worker-7: Building] INFO  o.e.m.c.i.embedder.EclipseLogger - skip non existing resourceDirectory D:\2021spring\cs548\e6\10402740\Assignment6-Code\ClinicServiceClient\src\test\resources
2021-03-23 22:46:42,926 [Worker-7: Building] INFO  o.e.m.c.i.p.WorkspaceClassifierResolverManager - Resolving P/ClinicDomain: edu.stevens.cs548:ClinicDomain:1.0.0 with classifier  to /ClinicDomain/target/classes
2021-03-23 22:46:42,926 [Worker-7: Building] INFO  o.e.m.c.i.p.WorkspaceClassifierResolverManager - Resolving P/ClinicDTOs: edu.stevens.cs548:ClinicDTOs:1.0.0 with classifier  to /ClinicDTOs/target/classes
2021-03-23 22:46:42,926 [Worker-7: Building] INFO  o.e.m.c.i.p.WorkspaceClassifierResolverManager - Resolving P/ClinicServiceClient: edu.stevens.cs548:ClinicServiceClient:1.0.0 with classifier  to /ClinicServiceClient/target/classes
2021-03-23 22:46:42,951 [Worker-7: Building] INFO  o.e.m.c.i.embedder.EclipseLogger - Using 'UTF-8' encoding to copy filtered resources.
2021-03-23 22:46:42,951 [Worker-7: Building] INFO  o.e.m.c.i.embedder.EclipseLogger - Copying 3 resources
2021-03-23 22:46:42,978 [Worker-7: Building] INFO  o.e.m.c.i.embedder.EclipseLogger - Using 'UTF-8' encoding to copy filtered resources.
2021-03-23 22:46:42,979 [Worker-7: Building] INFO  o.e.m.c.i.embedder.EclipseLogger - skip non existing resourceDirectory D:\2021spring\cs548\e6\10402740\Assignment6-Code\ClinicService\src\test\resources
2021-03-23 22:46:43,039 [Worker-7: Building] INFO  o.e.m.c.i.p.WorkspaceClassifierResolverManager - Resolving P/ClinicDomain: edu.stevens.cs548:ClinicDomain:1.0.0 with classifier  to /ClinicDomain/target/classes
2021-03-23 22:46:43,040 [Worker-7: Building] INFO  o.e.m.c.i.p.WorkspaceClassifierResolverManager - Resolving P/ClinicServiceClient: edu.stevens.cs548:ClinicServiceClient:1.0.0 with classifier  to /ClinicServiceClient/target/classes
2021-03-23 22:46:43,040 [Worker-7: Building] INFO  o.e.m.c.i.p.WorkspaceClassifierResolverManager - Resolving P/ClinicDTOs: edu.stevens.cs548:ClinicDTOs:1.0.0 with classifier  to /ClinicDTOs/target/classes
2021-03-23 22:46:43,046 [Worker-7: Building] INFO  o.e.m.c.i.embedder.EclipseLogger - Using 'UTF-8' encoding to copy filtered resources.
2021-03-23 22:46:43,047 [Worker-7: Building] INFO  o.e.m.c.i.embedder.EclipseLogger - Copying 4 resources
2021-03-23 22:46:43,060 [Worker-7: Building] INFO  o.e.m.c.i.embedder.EclipseLogger - Using 'UTF-8' encoding to copy filtered resources.
2021-03-23 22:46:43,060 [Worker-7: Building] INFO  o.e.m.c.i.embedder.EclipseLogger - skip non existing resourceDirectory D:\2021spring\cs548\e6\10402740\Assignment6-Code\ClinicInit1\src\test\resources
2021-03-23 22:46:54,596 [Worker-10: Building] INFO  o.e.m.c.i.embedder.EclipseLogger - Using 'UTF-8' encoding to copy filtered resources.
2021-03-23 22:46:54,598 [Worker-10: Building] INFO  o.e.m.c.i.embedder.EclipseLogger - Copying 0 resource
2021-03-23 22:46:54,599 [Worker-10: Building] INFO  o.e.m.c.i.embedder.EclipseLogger - Using 'UTF-8' encoding to copy filtered resources.
2021-03-23 22:46:54,600 [Worker-10: Building] INFO  o.e.m.c.i.embedder.EclipseLogger - skip non existing resourceDirectory D:\2021spring\cs548\e6\10402740\Assignment6-Code\ClinicDomain\src\test\resources
2021-03-23 22:46:54,632 [Worker-10: Building] INFO  o.e.m.c.i.p.WorkspaceClassifierResolverManager - Resolving P/ClinicDomain: edu.stevens.cs548:ClinicDomain:1.0.0 with classifier  to /ClinicDomain/target/classes
2021-03-23 22:46:54,979 [Worker-10: Building] INFO  o.e.m.c.i.embedder.EclipseLogger - According to the build context, all of the [dependURIs] are up-to-date.
2021-03-23 22:46:54,980 [Worker-10: Building] INFO  o.e.m.c.i.embedder.EclipseLogger - Sources are up-to-date, XJC will be skipped.
2021-03-23 22:46:54,982 [Worker-10: Building] INFO  o.e.m.c.i.embedder.EclipseLogger - Using 'UTF-8' encoding to copy filtered resources.
2021-03-23 22:46:54,982 [Worker-10: Building] INFO  o.e.m.c.i.embedder.EclipseLogger - Copying 0 resource
2021-03-23 22:46:54,982 [Worker-10: Building] INFO  o.e.m.c.i.embedder.EclipseLogger - Copying 0 resource
2021-03-23 22:46:54,984 [Worker-10: Building] INFO  o.e.m.c.i.embedder.EclipseLogger - Using 'UTF-8' encoding to copy filtered resources.
2021-03-23 22:46:54,985 [Worker-10: Building] INFO  o.e.m.c.i.embedder.EclipseLogger - skip non existing resourceDirectory D:\2021spring\cs548\e6\10402740\Assignment6-Code\ClinicDTOs\src\test\resources
2021-03-23 22:46:55,015 [Worker-10: Building] INFO  o.e.m.c.i.p.WorkspaceClassifierResolverManager - Resolving P/ClinicDomain: edu.stevens.cs548:ClinicDomain:1.0.0 with classifier  to /ClinicDomain/target/classes
2021-03-23 22:46:55,015 [Worker-10: Building] INFO  o.e.m.c.i.p.WorkspaceClassifierResolverManager - Resolving P/ClinicDTOs: edu.stevens.cs548:ClinicDTOs:1.0.0 with classifier  to /ClinicDTOs/target/classes
2021-03-23 22:46:55,018 [Worker-10: Building] INFO  o.e.m.c.i.embedder.EclipseLogger - Using 'UTF-8' encoding to copy filtered resources.
2021-03-23 22:46:55,018 [Worker-10: Building] INFO  o.e.m.c.i.embedder.EclipseLogger - Copying 0 resource
2021-03-23 22:46:55,019 [Worker-10: Building] INFO  o.e.m.c.i.embedder.EclipseLogger - Using 'UTF-8' encoding to copy filtered resources.
2021-03-23 22:46:55,019 [Worker-10: Building] INFO  o.e.m.c.i.embedder.EclipseLogger - skip non existing resourceDirectory D:\2021spring\cs548\e6\10402740\Assignment6-Code\ClinicServiceClient\src\test\resources
2021-03-23 22:46:55,044 [Worker-10: Building] INFO  o.e.m.c.i.p.WorkspaceClassifierResolverManager - Resolving P/ClinicDomain: edu.stevens.cs548:ClinicDomain:1.0.0 with classifier  to /ClinicDomain/target/classes
2021-03-23 22:46:55,045 [Worker-10: Building] INFO  o.e.m.c.i.p.WorkspaceClassifierResolverManager - Resolving P/ClinicDTOs: edu.stevens.cs548:ClinicDTOs:1.0.0 with classifier  to /ClinicDTOs/target/classes
2021-03-23 22:46:55,045 [Worker-10: Building] INFO  o.e.m.c.i.p.WorkspaceClassifierResolverManager - Resolving P/ClinicServiceClient: edu.stevens.cs548:ClinicServiceClient:1.0.0 with classifier  to /ClinicServiceClient/target/classes
2021-03-23 22:46:55,050 [Worker-10: Building] INFO  o.e.m.c.i.embedder.EclipseLogger - Using 'UTF-8' encoding to copy filtered resources.
2021-03-23 22:46:55,050 [Worker-10: Building] INFO  o.e.m.c.i.embedder.EclipseLogger - Copying 0 resource
2021-03-23 22:46:55,051 [Worker-10: Building] INFO  o.e.m.c.i.embedder.EclipseLogger - Using 'UTF-8' encoding to copy filtered resources.
2021-03-23 22:46:55,051 [Worker-10: Building] INFO  o.e.m.c.i.embedder.EclipseLogger - skip non existing resourceDirectory D:\2021spring\cs548\e6\10402740\Assignment6-Code\ClinicService\src\test\resources
2021-03-23 22:46:55,077 [Worker-10: Building] INFO  o.e.m.c.i.p.WorkspaceClassifierResolverManager - Resolving P/ClinicDomain: edu.stevens.cs548:ClinicDomain:1.0.0 with classifier  to /ClinicDomain/target/classes
2021-03-23 22:46:55,077 [Worker-10: Building] INFO  o.e.m.c.i.p.WorkspaceClassifierResolverManager - Resolving P/ClinicServiceClient: edu.stevens.cs548:ClinicServiceClient:1.0.0 with classifier  to /ClinicServiceClient/target/classes
2021-03-23 22:46:55,078 [Worker-10: Building] INFO  o.e.m.c.i.p.WorkspaceClassifierResolverManager - Resolving P/ClinicDTOs: edu.stevens.cs548:ClinicDTOs:1.0.0 with classifier  to /ClinicDTOs/target/classes
2021-03-23 22:46:55,081 [Worker-10: Building] INFO  o.e.m.c.i.embedder.EclipseLogger - Using 'UTF-8' encoding to copy filtered resources.
2021-03-23 22:46:55,081 [Worker-10: Building] INFO  o.e.m.c.i.embedder.EclipseLogger - Copying 0 resource
2021-03-23 22:46:55,083 [Worker-10: Building] INFO  o.e.m.c.i.embedder.EclipseLogger - Using 'UTF-8' encoding to copy filtered resources.
2021-03-23 22:46:55,083 [Worker-10: Building] INFO  o.e.m.c.i.embedder.EclipseLogger - skip non existing resourceDirectory D:\2021spring\cs548\e6\10402740\Assignment6-Code\ClinicInit1\src\test\resources
2021-03-23 22:47:53,019 [Worker-19: Building] INFO  o.e.m.c.i.embedder.EclipseLogger - Using 'UTF-8' encoding to copy filtered resources.
2021-03-23 22:47:53,020 [Worker-19: Building] INFO  o.e.m.c.i.embedder.EclipseLogger - Copying 4 resources
2021-03-23 22:47:53,022 [Worker-19: Building] INFO  o.e.m.c.i.embedder.EclipseLogger - Using 'UTF-8' encoding to copy filtered resources.
2021-03-23 22:47:53,022 [Worker-19: Building] INFO  o.e.m.c.i.embedder.EclipseLogger - skip non existing resourceDirectory D:\2021spring\cs548\e6\10402740\Assignment6-Code\ClinicInit1\src\test\resources
2021-03-23 22:49:54,383 [Worker-11: Building] INFO  o.e.m.c.i.embedder.EclipseLogger - Using 'UTF-8' encoding to copy filtered resources.
2021-03-23 22:49:54,384 [Worker-11: Building] INFO  o.e.m.c.i.embedder.EclipseLogger - Copying 4 resources
2021-03-23 22:49:54,386 [Worker-11: Building] INFO  o.e.m.c.i.embedder.EclipseLogger - Using 'UTF-8' encoding to copy filtered resources.
2021-03-23 22:49:54,386 [Worker-11: Building] INFO  o.e.m.c.i.embedder.EclipseLogger - skip non existing resourceDirectory D:\2021spring\cs548\e6\10402740\Assignment6-Code\ClinicInit1\src\test\resources
2021-03-23 22:51:23,228 [Worker-8: Building] INFO  o.e.m.c.i.embedder.EclipseLogger - Using 'UTF-8' encoding to copy filtered resources.
2021-03-23 22:51:23,229 [Worker-8: Building] INFO  o.e.m.c.i.embedder.EclipseLogger - Copying 4 resources
2021-03-23 22:51:23,230 [Worker-8: Building] INFO  o.e.m.c.i.embedder.EclipseLogger - Using 'UTF-8' encoding to copy filtered resources.
2021-03-23 22:51:23,230 [Worker-8: Building] INFO  o.e.m.c.i.embedder.EclipseLogger - skip non existing resourceDirectory D:\2021spring\cs548\e6\10402740\Assignment6-Code\ClinicInit1\src\test\resources
2021-03-23 23:25:25,017 [Worker-30: Building] INFO  o.e.m.c.i.embedder.EclipseLogger - According to the build context, all of the [dependURIs] are up-to-date.
2021-03-23 23:25:25,018 [Worker-30: Building] INFO  o.e.m.c.i.embedder.EclipseLogger - Sources are up-to-date, XJC will be skipped.
2021-03-23 23:25:25,019 [Worker-30: Building] INFO  o.e.m.c.i.embedder.EclipseLogger - Using 'UTF-8' encoding to copy filtered resources.
2021-03-23 23:25:25,019 [Worker-30: Building] INFO  o.e.m.c.i.embedder.EclipseLogger - Copying 4 resources
2021-03-23 23:25:25,020 [Worker-30: Building] INFO  o.e.m.c.i.embedder.EclipseLogger - Copying 1 resource
2021-03-23 23:25:25,020 [Worker-30: Building] INFO  o.e.m.c.i.embedder.EclipseLogger - Using 'UTF-8' encoding to copy filtered resources.
2021-03-23 23:25:25,020 [Worker-30: Building] INFO  o.e.m.c.i.embedder.EclipseLogger - skip non existing resourceDirectory D:\2021spring\cs548\e6\10402740\Assignment6-Code\ClinicDTOs\src\test\resources
2021-03-23 23:26:00,715 [Worker-34: Building] INFO  o.e.m.c.i.embedder.EclipseLogger - Using 'UTF-8' encoding to copy filtered resources.
2021-03-23 23:26:00,716 [Worker-34: Building] INFO  o.e.m.c.i.embedder.EclipseLogger - Copying 4 resources
2021-03-23 23:26:00,717 [Worker-34: Building] INFO  o.e.m.c.i.embedder.EclipseLogger - Using 'UTF-8' encoding to copy filtered resources.
2021-03-23 23:26:00,717 [Worker-34: Building] INFO  o.e.m.c.i.embedder.EclipseLogger - skip non existing resourceDirectory D:\2021spring\cs548\e6\10402740\Assignment6-Code\ClinicInit1\src\test\resources
2021-03-23 23:26:10,354 [Worker-24: Building] INFO  o.e.m.c.i.embedder.EclipseLogger - Using 'UTF-8' encoding to copy filtered resources.
2021-03-23 23:26:10,354 [Worker-24: Building] INFO  o.e.m.c.i.embedder.EclipseLogger - Copying 4 resources
2021-03-23 23:26:10,356 [Worker-24: Building] INFO  o.e.m.c.i.embedder.EclipseLogger - Using 'UTF-8' encoding to copy filtered resources.
2021-03-23 23:26:10,356 [Worker-24: Building] INFO  o.e.m.c.i.embedder.EclipseLogger - skip non existing resourceDirectory D:\2021spring\cs548\e6\10402740\Assignment6-Code\ClinicInit1\src\test\resources
